01-Dec-2023 15:59:09.863 INFO [main] org.apache.catalina.startup.VersionLoggerListener.log Server version name:   Apache Tomcat/9.0.83
01-Dec-2023 15:59:09.881 INFO [main] org.apache.catalina.startup.VersionLoggerListener.log Server built:          Nov 9 2023 20:57:42 UTC
01-Dec-2023 15:59:09.881 INFO [main] org.apache.catalina.startup.VersionLoggerListener.log Server version number: 9.0.83.0
01-Dec-2023 15:59:09.881 INFO [main] org.apache.catalina.startup.VersionLoggerListener.log OS Name:               Windows 11
01-Dec-2023 15:59:09.881 INFO [main] org.apache.catalina.startup.VersionLoggerListener.log OS Version:            10.0
01-Dec-2023 15:59:09.881 INFO [main] org.apache.catalina.startup.VersionLoggerListener.log Architecture:          amd64
01-Dec-2023 15:59:09.881 INFO [main] org.apache.catalina.startup.VersionLoggerListener.log Java Home:             C:\Program Files\Java\jdk-21
01-Dec-2023 15:59:09.881 INFO [main] org.apache.catalina.startup.VersionLoggerListener.log JVM Version:           21+35-LTS-2513
01-Dec-2023 15:59:09.881 INFO [main] org.apache.catalina.startup.VersionLoggerListener.log JVM Vendor:            Oracle Corporation
01-Dec-2023 15:59:09.881 INFO [main] org.apache.catalina.startup.VersionLoggerListener.log CATALINA_BASE:         C:\Users\RoshaNJR\IdeaProjects\roshanWebApp
01-Dec-2023 15:59:09.881 INFO [main] org.apache.catalina.startup.VersionLoggerListener.log CATALINA_HOME:         C:\Users\RoshaNJR\Desktop\apache-tomcat-9.0.83-windows-x64\apache-tomcat-9.0.83
01-Dec-2023 15:59:09.896 INFO [main] org.apache.catalina.startup.VersionLoggerListener.log Command line argument: --add-opens=java.base/java.lang=ALL-UNNAMED
01-Dec-2023 15:59:09.896 INFO [main] org.apache.catalina.startup.VersionLoggerListener.log Command line argument: --add-opens=java.base/java.io=ALL-UNNAMED
01-Dec-2023 15:59:09.896 INFO [main] org.apache.catalina.startup.VersionLoggerListener.log Command line argument: --add-opens=java.base/java.util=ALL-UNNAMED
01-Dec-2023 15:59:09.896 INFO [main] org.apache.catalina.startup.VersionLoggerListener.log Command line argument: --add-opens=java.base/java.util.concurrent=ALL-UNNAMED
01-Dec-2023 15:59:09.896 INFO [main] org.apache.catalina.startup.VersionLoggerListener.log Command line argument: --add-opens=java.rmi/sun.rmi.transport=ALL-UNNAMED
01-Dec-2023 15:59:09.896 INFO [main] org.apache.catalina.startup.VersionLoggerListener.log Command line argument: -Dcatalina.home=C:\Users\RoshaNJR\Desktop\apache-tomcat-9.0.83-windows-x64\apache-tomcat-9.0.83
01-Dec-2023 15:59:09.896 INFO [main] org.apache.catalina.startup.VersionLoggerListener.log Command line argument: -Dcatalina.base=C:\Users\RoshaNJR\IdeaProjects\roshanWebApp
01-Dec-2023 15:59:09.896 INFO [main] org.apache.catalina.startup.VersionLoggerListener.log Command line argument: -Djava.io.tmpdir=C:\Users\RoshaNJR\IdeaProjects\roshanWebApp\temp
01-Dec-2023 15:59:09.896 INFO [main] org.apache.catalina.startup.VersionLoggerListener.log Command line argument: -Djava.util.logging.config.file=C:\Users\RoshaNJR\IdeaProjects\roshanWebApp\conf\logging.properties
01-Dec-2023 15:59:09.896 INFO [main] org.apache.catalina.startup.VersionLoggerListener.log Command line argument: -Djava.util.logging.manager=org.apache.juli.ClassLoaderLogManager
01-Dec-2023 15:59:09.896 INFO [main] org.apache.catalina.startup.VersionLoggerListener.log Command line argument: -Didea.launcher.port=49319
01-Dec-2023 15:59:09.896 INFO [main] org.apache.catalina.startup.VersionLoggerListener.log Command line argument: -Didea.launcher.bin.path=C:\Users\RoshaNJR\Downloads\ideaIU-2019.3.1.win\bin
01-Dec-2023 15:59:09.896 INFO [main] org.apache.catalina.startup.VersionLoggerListener.log Command line argument: -Dfile.encoding=UTF-8
01-Dec-2023 15:59:09.912 INFO [main] org.apache.catalina.core.AprLifecycleListener.lifecycleEvent Loaded Apache Tomcat Native library [1.2.39] using APR version [1.7.4].
01-Dec-2023 15:59:09.912 INFO [main] org.apache.catalina.core.AprLifecycleListener.lifecycleEvent APR capabilities: IPv6 [true], sendfile [true], accept filters [false], random [true], UDS [true].
01-Dec-2023 15:59:09.912 INFO [main] org.apache.catalina.core.AprLifecycleListener.lifecycleEvent APR/OpenSSL configuration: useAprConnector [false], useOpenSSL [true]
01-Dec-2023 15:59:09.943 INFO [main] org.apache.catalina.core.AprLifecycleListener.initializeSSL OpenSSL successfully initialized [OpenSSL 3.0.11 19 Sep 2023]
01-Dec-2023 15:59:10.615 INFO [main] org.apache.coyote.AbstractProtocol.init Initializing ProtocolHandler ["http-nio-8080"]
01-Dec-2023 15:59:10.647 INFO [main] org.apache.catalina.startup.Catalina.load Server initialization in [1071] milliseconds
01-Dec-2023 15:59:10.756 INFO [main] org.apache.catalina.core.StandardService.startInternal Starting service [Catalina]
01-Dec-2023 15:59:10.756 INFO [main] org.apache.catalina.core.StandardEngine.startInternal Starting Servlet engine: [Apache Tomcat/9.0.83]
01-Dec-2023 15:59:10.772 INFO [main] org.apache.catalina.startup.HostConfig.deployDescriptor Deploying deployment descriptor [C:\Users\RoshaNJR\IdeaProjects\roshanWebApp\conf\Catalina\localhost\roshanWebApp.xml]
01-Dec-2023 15:59:16.592 INFO [main] org.apache.jasper.servlet.TldScanner.scanJars At least one JAR was scanned for TLDs yet contained no TLDs. Enable debug logging for this logger for a complete list of JARs that were scanned but no TLDs were found in them. Skipping unneeded JARs during scanning can improve startup time and JSP compilation time.
01-Dec-2023 15:59:16.717 INFO [main] org.apache.catalina.startup.HostConfig.deployDescriptor Deployment of deployment descriptor [C:\Users\RoshaNJR\IdeaProjects\roshanWebApp\conf\Catalina\localhost\roshanWebApp.xml] has finished in [5,945] ms
01-Dec-2023 15:59:16.717 INFO [main] org.apache.coyote.AbstractProtocol.start Starting ProtocolHandler ["http-nio-8080"]
01-Dec-2023 15:59:16.749 INFO [main] org.apache.catalina.startup.Catalina.start Server startup in [6099] milliseconds
01-Dec-2023 15:59:27.111 INFO [http-nio-8080-exec-6] org.springframework.web.servlet.FrameworkServlet.initServletBean Initializing Servlet 'spring'
01-Dec-2023 15:59:31.493 INFO [http-nio-8080-exec-6] org.hibernate.Version.logVersion HHH000412: Hibernate Core {5.3.23.Final}
01-Dec-2023 15:59:31.503 INFO [http-nio-8080-exec-6] org.hibernate.cfg.Environment.<clinit> HHH000206: hibernate.properties not found
01-Dec-2023 15:59:32.595 INFO [http-nio-8080-exec-6] org.hibernate.annotations.common.reflection.java.JavaReflectionManager.<clinit> HCANN000001: Hibernate Commons Annotations {5.0.5.Final}
01-Dec-2023 15:59:34.325 INFO [http-nio-8080-exec-6] org.hibernate.dialect.Dialect.<init> HHH000400: Using dialect: org.hibernate.dialect.MySQL5Dialect
01-Dec-2023 15:59:37.980 INFO [http-nio-8080-exec-6] org.springframework.web.servlet.FrameworkServlet.initServletBean Completed initialization in 10869 ms
01-Dec-2023 16:19:31.985 INFO [main] org.apache.catalina.startup.VersionLoggerListener.log Server version name:   Apache Tomcat/9.0.83
01-Dec-2023 16:19:31.985 INFO [main] org.apache.catalina.startup.VersionLoggerListener.log Server built:          Nov 9 2023 20:57:42 UTC
01-Dec-2023 16:19:31.985 INFO [main] org.apache.catalina.startup.VersionLoggerListener.log Server version number: 9.0.83.0
01-Dec-2023 16:19:31.985 INFO [main] org.apache.catalina.startup.VersionLoggerListener.log OS Name:               Windows 11
01-Dec-2023 16:19:31.985 INFO [main] org.apache.catalina.startup.VersionLoggerListener.log OS Version:            10.0
01-Dec-2023 16:19:31.985 INFO [main] org.apache.catalina.startup.VersionLoggerListener.log Architecture:          amd64
01-Dec-2023 16:19:31.985 INFO [main] org.apache.catalina.startup.VersionLoggerListener.log Java Home:             C:\Program Files\Java\jdk-21
01-Dec-2023 16:19:31.985 INFO [main] org.apache.catalina.startup.VersionLoggerListener.log JVM Version:           21+35-LTS-2513
01-Dec-2023 16:19:31.985 INFO [main] org.apache.catalina.startup.VersionLoggerListener.log JVM Vendor:            Oracle Corporation
01-Dec-2023 16:19:31.985 INFO [main] org.apache.catalina.startup.VersionLoggerListener.log CATALINA_BASE:         C:\Users\RoshaNJR\IdeaProjects\roshanWebApp
01-Dec-2023 16:19:31.985 INFO [main] org.apache.catalina.startup.VersionLoggerListener.log CATALINA_HOME:         C:\Users\RoshaNJR\Desktop\apache-tomcat-9.0.83-windows-x64\apache-tomcat-9.0.83
01-Dec-2023 16:19:32.014 INFO [main] org.apache.catalina.startup.VersionLoggerListener.log Command line argument: --add-opens=java.base/java.lang=ALL-UNNAMED
01-Dec-2023 16:19:32.014 INFO [main] org.apache.catalina.startup.VersionLoggerListener.log Command line argument: --add-opens=java.base/java.io=ALL-UNNAMED
01-Dec-2023 16:19:32.014 INFO [main] org.apache.catalina.startup.VersionLoggerListener.log Command line argument: --add-opens=java.base/java.util=ALL-UNNAMED
01-Dec-2023 16:19:32.014 INFO [main] org.apache.catalina.startup.VersionLoggerListener.log Command line argument: --add-opens=java.base/java.util.concurrent=ALL-UNNAMED
01-Dec-2023 16:19:32.014 INFO [main] org.apache.catalina.startup.VersionLoggerListener.log Command line argument: --add-opens=java.rmi/sun.rmi.transport=ALL-UNNAMED
01-Dec-2023 16:19:32.014 INFO [main] org.apache.catalina.startup.VersionLoggerListener.log Command line argument: -Dcatalina.home=C:\Users\RoshaNJR\Desktop\apache-tomcat-9.0.83-windows-x64\apache-tomcat-9.0.83
01-Dec-2023 16:19:32.014 INFO [main] org.apache.catalina.startup.VersionLoggerListener.log Command line argument: -Dcatalina.base=C:\Users\RoshaNJR\IdeaProjects\roshanWebApp
01-Dec-2023 16:19:32.014 INFO [main] org.apache.catalina.startup.VersionLoggerListener.log Command line argument: -Djava.io.tmpdir=C:\Users\RoshaNJR\IdeaProjects\roshanWebApp\temp
01-Dec-2023 16:19:32.014 INFO [main] org.apache.catalina.startup.VersionLoggerListener.log Command line argument: -Djava.util.logging.config.file=C:\Users\RoshaNJR\IdeaProjects\roshanWebApp\conf\logging.properties
01-Dec-2023 16:19:32.014 INFO [main] org.apache.catalina.startup.VersionLoggerListener.log Command line argument: -Djava.util.logging.manager=org.apache.juli.ClassLoaderLogManager
01-Dec-2023 16:19:32.014 INFO [main] org.apache.catalina.startup.VersionLoggerListener.log Command line argument: -Didea.launcher.port=60595
01-Dec-2023 16:19:32.014 INFO [main] org.apache.catalina.startup.VersionLoggerListener.log Command line argument: -Didea.launcher.bin.path=C:\Users\RoshaNJR\Downloads\ideaIU-2019.3.1.win\bin
01-Dec-2023 16:19:32.014 INFO [main] org.apache.catalina.startup.VersionLoggerListener.log Command line argument: -Dfile.encoding=UTF-8
01-Dec-2023 16:19:32.030 INFO [main] org.apache.catalina.core.AprLifecycleListener.lifecycleEvent Loaded Apache Tomcat Native library [1.2.39] using APR version [1.7.4].
01-Dec-2023 16:19:32.030 INFO [main] org.apache.catalina.core.AprLifecycleListener.lifecycleEvent APR capabilities: IPv6 [true], sendfile [true], accept filters [false], random [true], UDS [true].
01-Dec-2023 16:19:32.030 INFO [main] org.apache.catalina.core.AprLifecycleListener.lifecycleEvent APR/OpenSSL configuration: useAprConnector [false], useOpenSSL [true]
01-Dec-2023 16:19:32.046 INFO [main] org.apache.catalina.core.AprLifecycleListener.initializeSSL OpenSSL successfully initialized [OpenSSL 3.0.11 19 Sep 2023]
01-Dec-2023 16:19:32.764 INFO [main] org.apache.coyote.AbstractProtocol.init Initializing ProtocolHandler ["http-nio-8080"]
01-Dec-2023 16:19:32.811 INFO [main] org.apache.catalina.startup.Catalina.load Server initialization in [1407] milliseconds
01-Dec-2023 16:19:32.905 INFO [main] org.apache.catalina.core.StandardService.startInternal Starting service [Catalina]
01-Dec-2023 16:19:32.905 INFO [main] org.apache.catalina.core.StandardEngine.startInternal Starting Servlet engine: [Apache Tomcat/9.0.83]
01-Dec-2023 16:19:32.936 INFO [main] org.apache.catalina.startup.HostConfig.deployDescriptor Deploying deployment descriptor [C:\Users\RoshaNJR\IdeaProjects\roshanWebApp\conf\Catalina\localhost\roshanWebApp.xml]
01-Dec-2023 16:19:39.026 INFO [main] org.apache.jasper.servlet.TldScanner.scanJars At least one JAR was scanned for TLDs yet contained no TLDs. Enable debug logging for this logger for a complete list of JARs that were scanned but no TLDs were found in them. Skipping unneeded JARs during scanning can improve startup time and JSP compilation time.
01-Dec-2023 16:19:39.167 INFO [main] org.apache.catalina.startup.HostConfig.deployDescriptor Deployment of deployment descriptor [C:\Users\RoshaNJR\IdeaProjects\roshanWebApp\conf\Catalina\localhost\roshanWebApp.xml] has finished in [6,231] ms
01-Dec-2023 16:19:39.183 INFO [main] org.apache.coyote.AbstractProtocol.start Starting ProtocolHandler ["http-nio-8080"]
01-Dec-2023 16:19:39.214 INFO [main] org.apache.catalina.startup.Catalina.start Server startup in [6403] milliseconds
01-Dec-2023 16:22:10.344 INFO [http-nio-8080-exec-10] org.springframework.web.servlet.FrameworkServlet.initServletBean Initializing Servlet 'spring'
01-Dec-2023 16:22:14.488 INFO [http-nio-8080-exec-10] org.hibernate.Version.logVersion HHH000412: Hibernate Core {5.3.23.Final}
01-Dec-2023 16:22:14.498 INFO [http-nio-8080-exec-10] org.hibernate.cfg.Environment.<clinit> HHH000206: hibernate.properties not found
01-Dec-2023 16:22:15.583 INFO [http-nio-8080-exec-10] org.hibernate.annotations.common.reflection.java.JavaReflectionManager.<clinit> HCANN000001: Hibernate Commons Annotations {5.0.5.Final}
01-Dec-2023 16:22:17.054 INFO [http-nio-8080-exec-10] org.hibernate.dialect.Dialect.<init> HHH000400: Using dialect: org.hibernate.dialect.MySQL5Dialect
01-Dec-2023 16:22:21.002 INFO [http-nio-8080-exec-10] org.springframework.web.servlet.FrameworkServlet.initServletBean Completed initialization in 10658 ms
01-Dec-2023 16:54:49.364 INFO [main] org.apache.catalina.startup.VersionLoggerListener.log Server version name:   Apache Tomcat/9.0.83
01-Dec-2023 16:54:49.374 INFO [main] org.apache.catalina.startup.VersionLoggerListener.log Server built:          Nov 9 2023 20:57:42 UTC
01-Dec-2023 16:54:49.374 INFO [main] org.apache.catalina.startup.VersionLoggerListener.log Server version number: 9.0.83.0
01-Dec-2023 16:54:49.374 INFO [main] org.apache.catalina.startup.VersionLoggerListener.log OS Name:               Windows 11
01-Dec-2023 16:54:49.374 INFO [main] org.apache.catalina.startup.VersionLoggerListener.log OS Version:            10.0
01-Dec-2023 16:54:49.374 INFO [main] org.apache.catalina.startup.VersionLoggerListener.log Architecture:          amd64
01-Dec-2023 16:54:49.374 INFO [main] org.apache.catalina.startup.VersionLoggerListener.log Java Home:             C:\Program Files\Java\jdk-21
01-Dec-2023 16:54:49.374 INFO [main] org.apache.catalina.startup.VersionLoggerListener.log JVM Version:           21+35-LTS-2513
01-Dec-2023 16:54:49.374 INFO [main] org.apache.catalina.startup.VersionLoggerListener.log JVM Vendor:            Oracle Corporation
01-Dec-2023 16:54:49.374 INFO [main] org.apache.catalina.startup.VersionLoggerListener.log CATALINA_BASE:         C:\Users\RoshaNJR\IdeaProjects\roshanWebApp
01-Dec-2023 16:54:49.374 INFO [main] org.apache.catalina.startup.VersionLoggerListener.log CATALINA_HOME:         C:\Users\RoshaNJR\Desktop\apache-tomcat-9.0.83-windows-x64\apache-tomcat-9.0.83
01-Dec-2023 16:54:49.389 INFO [main] org.apache.catalina.startup.VersionLoggerListener.log Command line argument: --add-opens=java.base/java.lang=ALL-UNNAMED
01-Dec-2023 16:54:49.389 INFO [main] org.apache.catalina.startup.VersionLoggerListener.log Command line argument: --add-opens=java.base/java.io=ALL-UNNAMED
01-Dec-2023 16:54:49.389 INFO [main] org.apache.catalina.startup.VersionLoggerListener.log Command line argument: --add-opens=java.base/java.util=ALL-UNNAMED
01-Dec-2023 16:54:49.389 INFO [main] org.apache.catalina.startup.VersionLoggerListener.log Command line argument: --add-opens=java.base/java.util.concurrent=ALL-UNNAMED
01-Dec-2023 16:54:49.389 INFO [main] org.apache.catalina.startup.VersionLoggerListener.log Command line argument: --add-opens=java.rmi/sun.rmi.transport=ALL-UNNAMED
01-Dec-2023 16:54:49.389 INFO [main] org.apache.catalina.startup.VersionLoggerListener.log Command line argument: -Dcatalina.home=C:\Users\RoshaNJR\Desktop\apache-tomcat-9.0.83-windows-x64\apache-tomcat-9.0.83
01-Dec-2023 16:54:49.389 INFO [main] org.apache.catalina.startup.VersionLoggerListener.log Command line argument: -Dcatalina.base=C:\Users\RoshaNJR\IdeaProjects\roshanWebApp
01-Dec-2023 16:54:49.389 INFO [main] org.apache.catalina.startup.VersionLoggerListener.log Command line argument: -Djava.io.tmpdir=C:\Users\RoshaNJR\IdeaProjects\roshanWebApp\temp
01-Dec-2023 16:54:49.389 INFO [main] org.apache.catalina.startup.VersionLoggerListener.log Command line argument: -Djava.util.logging.config.file=C:\Users\RoshaNJR\IdeaProjects\roshanWebApp\conf\logging.properties
01-Dec-2023 16:54:49.389 INFO [main] org.apache.catalina.startup.VersionLoggerListener.log Command line argument: -Djava.util.logging.manager=org.apache.juli.ClassLoaderLogManager
01-Dec-2023 16:54:49.389 INFO [main] org.apache.catalina.startup.VersionLoggerListener.log Command line argument: -Didea.launcher.port=58445
01-Dec-2023 16:54:49.389 INFO [main] org.apache.catalina.startup.VersionLoggerListener.log Command line argument: -Didea.launcher.bin.path=C:\Users\RoshaNJR\Downloads\ideaIU-2019.3.1.win\bin
01-Dec-2023 16:54:49.389 INFO [main] org.apache.catalina.startup.VersionLoggerListener.log Command line argument: -Dfile.encoding=UTF-8
01-Dec-2023 16:54:49.405 INFO [main] org.apache.catalina.core.AprLifecycleListener.lifecycleEvent Loaded Apache Tomcat Native library [1.2.39] using APR version [1.7.4].
01-Dec-2023 16:54:49.405 INFO [main] org.apache.catalina.core.AprLifecycleListener.lifecycleEvent APR capabilities: IPv6 [true], sendfile [true], accept filters [false], random [true], UDS [true].
01-Dec-2023 16:54:49.405 INFO [main] org.apache.catalina.core.AprLifecycleListener.lifecycleEvent APR/OpenSSL configuration: useAprConnector [false], useOpenSSL [true]
01-Dec-2023 16:54:49.420 INFO [main] org.apache.catalina.core.AprLifecycleListener.initializeSSL OpenSSL successfully initialized [OpenSSL 3.0.11 19 Sep 2023]
01-Dec-2023 16:54:50.080 INFO [main] org.apache.coyote.AbstractProtocol.init Initializing ProtocolHandler ["http-nio-8080"]
01-Dec-2023 16:54:50.111 INFO [main] org.apache.catalina.startup.Catalina.load Server initialization in [1132] milliseconds
01-Dec-2023 16:54:50.215 INFO [main] org.apache.catalina.core.StandardService.startInternal Starting service [Catalina]
01-Dec-2023 16:54:50.215 INFO [main] org.apache.catalina.core.StandardEngine.startInternal Starting Servlet engine: [Apache Tomcat/9.0.83]
01-Dec-2023 16:54:50.221 INFO [main] org.apache.catalina.startup.HostConfig.deployDescriptor Deploying deployment descriptor [C:\Users\RoshaNJR\IdeaProjects\roshanWebApp\conf\Catalina\localhost\roshanWebApp.xml]
01-Dec-2023 16:54:55.692 INFO [main] org.apache.jasper.servlet.TldScanner.scanJars At least one JAR was scanned for TLDs yet contained no TLDs. Enable debug logging for this logger for a complete list of JARs that were scanned but no TLDs were found in them. Skipping unneeded JARs during scanning can improve startup time and JSP compilation time.
01-Dec-2023 16:54:55.833 INFO [main] org.apache.catalina.startup.HostConfig.deployDescriptor Deployment of deployment descriptor [C:\Users\RoshaNJR\IdeaProjects\roshanWebApp\conf\Catalina\localhost\roshanWebApp.xml] has finished in [5,612] ms
01-Dec-2023 16:54:55.848 INFO [main] org.apache.coyote.AbstractProtocol.start Starting ProtocolHandler ["http-nio-8080"]
01-Dec-2023 16:54:55.879 INFO [main] org.apache.catalina.startup.Catalina.start Server startup in [5767] milliseconds
01-Dec-2023 16:55:19.098 INFO [http-nio-8080-exec-3] org.springframework.web.servlet.FrameworkServlet.initServletBean Initializing Servlet 'spring'
01-Dec-2023 16:55:24.698 INFO [http-nio-8080-exec-3] org.hibernate.Version.logVersion HHH000412: Hibernate Core {5.3.23.Final}
01-Dec-2023 16:55:24.706 INFO [http-nio-8080-exec-3] org.hibernate.cfg.Environment.<clinit> HHH000206: hibernate.properties not found
01-Dec-2023 16:55:25.731 INFO [http-nio-8080-exec-3] org.hibernate.annotations.common.reflection.java.JavaReflectionManager.<clinit> HCANN000001: Hibernate Commons Annotations {5.0.5.Final}
01-Dec-2023 16:55:27.401 INFO [http-nio-8080-exec-3] org.hibernate.dialect.Dialect.<init> HHH000400: Using dialect: org.hibernate.dialect.MySQL5Dialect
01-Dec-2023 16:55:33.779 INFO [http-nio-8080-exec-3] org.springframework.web.servlet.FrameworkServlet.initServletBean Completed initialization in 14681 ms
01-Dec-2023 16:55:34.219 WARN [http-nio-8080-exec-3] org.hibernate.internal.SessionImpl.createCriteria HHH90000022: Hibernate's legacy org.hibernate.Criteria API is deprecated; use the JPA javax.persistence.criteria.CriteriaQuery instead
01-Dec-2023 16:56:09.626 WARN [http-nio-8080-exec-6] org.hibernate.internal.SessionImpl.createCriteria HHH90000022: Hibernate's legacy org.hibernate.Criteria API is deprecated; use the JPA javax.persistence.criteria.CriteriaQuery instead
01-Dec-2023 16:56:50.523 WARN [http-nio-8080-exec-9] org.hibernate.internal.SessionImpl.createCriteria HHH90000022: Hibernate's legacy org.hibernate.Criteria API is deprecated; use the JPA javax.persistence.criteria.CriteriaQuery instead
01-Dec-2023 17:04:07.189 INFO [main] org.apache.catalina.startup.VersionLoggerListener.log Server version name:   Apache Tomcat/9.0.83
01-Dec-2023 17:04:07.196 INFO [main] org.apache.catalina.startup.VersionLoggerListener.log Server built:          Nov 9 2023 20:57:42 UTC
01-Dec-2023 17:04:07.196 INFO [main] org.apache.catalina.startup.VersionLoggerListener.log Server version number: 9.0.83.0
01-Dec-2023 17:04:07.196 INFO [main] org.apache.catalina.startup.VersionLoggerListener.log OS Name:               Windows 11
01-Dec-2023 17:04:07.196 INFO [main] org.apache.catalina.startup.VersionLoggerListener.log OS Version:            10.0
01-Dec-2023 17:04:07.196 INFO [main] org.apache.catalina.startup.VersionLoggerListener.log Architecture:          amd64
01-Dec-2023 17:04:07.196 INFO [main] org.apache.catalina.startup.VersionLoggerListener.log Java Home:             C:\Program Files\Java\jdk-21
01-Dec-2023 17:04:07.196 INFO [main] org.apache.catalina.startup.VersionLoggerListener.log JVM Version:           21+35-LTS-2513
01-Dec-2023 17:04:07.196 INFO [main] org.apache.catalina.startup.VersionLoggerListener.log JVM Vendor:            Oracle Corporation
01-Dec-2023 17:04:07.196 INFO [main] org.apache.catalina.startup.VersionLoggerListener.log CATALINA_BASE:         C:\Users\RoshaNJR\IdeaProjects\roshanWebApp
01-Dec-2023 17:04:07.196 INFO [main] org.apache.catalina.startup.VersionLoggerListener.log CATALINA_HOME:         C:\Users\RoshaNJR\Desktop\apache-tomcat-9.0.83-windows-x64\apache-tomcat-9.0.83
01-Dec-2023 17:04:07.211 INFO [main] org.apache.catalina.startup.VersionLoggerListener.log Command line argument: --add-opens=java.base/java.lang=ALL-UNNAMED
01-Dec-2023 17:04:07.211 INFO [main] org.apache.catalina.startup.VersionLoggerListener.log Command line argument: --add-opens=java.base/java.io=ALL-UNNAMED
01-Dec-2023 17:04:07.211 INFO [main] org.apache.catalina.startup.VersionLoggerListener.log Command line argument: --add-opens=java.base/java.util=ALL-UNNAMED
01-Dec-2023 17:04:07.211 INFO [main] org.apache.catalina.startup.VersionLoggerListener.log Command line argument: --add-opens=java.base/java.util.concurrent=ALL-UNNAMED
01-Dec-2023 17:04:07.211 INFO [main] org.apache.catalina.startup.VersionLoggerListener.log Command line argument: --add-opens=java.rmi/sun.rmi.transport=ALL-UNNAMED
01-Dec-2023 17:04:07.211 INFO [main] org.apache.catalina.startup.VersionLoggerListener.log Command line argument: -Dcatalina.home=C:\Users\RoshaNJR\Desktop\apache-tomcat-9.0.83-windows-x64\apache-tomcat-9.0.83
01-Dec-2023 17:04:07.211 INFO [main] org.apache.catalina.startup.VersionLoggerListener.log Command line argument: -Dcatalina.base=C:\Users\RoshaNJR\IdeaProjects\roshanWebApp
01-Dec-2023 17:04:07.211 INFO [main] org.apache.catalina.startup.VersionLoggerListener.log Command line argument: -Djava.io.tmpdir=C:\Users\RoshaNJR\IdeaProjects\roshanWebApp\temp
01-Dec-2023 17:04:07.211 INFO [main] org.apache.catalina.startup.VersionLoggerListener.log Command line argument: -Djava.util.logging.config.file=C:\Users\RoshaNJR\IdeaProjects\roshanWebApp\conf\logging.properties
01-Dec-2023 17:04:07.211 INFO [main] org.apache.catalina.startup.VersionLoggerListener.log Command line argument: -Djava.util.logging.manager=org.apache.juli.ClassLoaderLogManager
01-Dec-2023 17:04:07.211 INFO [main] org.apache.catalina.startup.VersionLoggerListener.log Command line argument: -Didea.launcher.port=60274
01-Dec-2023 17:04:07.211 INFO [main] org.apache.catalina.startup.VersionLoggerListener.log Command line argument: -Didea.launcher.bin.path=C:\Users\RoshaNJR\Downloads\ideaIU-2019.3.1.win\bin
01-Dec-2023 17:04:07.211 INFO [main] org.apache.catalina.startup.VersionLoggerListener.log Command line argument: -Dfile.encoding=UTF-8
01-Dec-2023 17:04:07.227 INFO [main] org.apache.catalina.core.AprLifecycleListener.lifecycleEvent Loaded Apache Tomcat Native library [1.2.39] using APR version [1.7.4].
01-Dec-2023 17:04:07.227 INFO [main] org.apache.catalina.core.AprLifecycleListener.lifecycleEvent APR capabilities: IPv6 [true], sendfile [true], accept filters [false], random [true], UDS [true].
01-Dec-2023 17:04:07.227 INFO [main] org.apache.catalina.core.AprLifecycleListener.lifecycleEvent APR/OpenSSL configuration: useAprConnector [false], useOpenSSL [true]
01-Dec-2023 17:04:07.243 INFO [main] org.apache.catalina.core.AprLifecycleListener.initializeSSL OpenSSL successfully initialized [OpenSSL 3.0.11 19 Sep 2023]
01-Dec-2023 17:04:07.871 INFO [main] org.apache.coyote.AbstractProtocol.init Initializing ProtocolHandler ["http-nio-8080"]
01-Dec-2023 17:04:07.912 INFO [main] org.apache.catalina.startup.Catalina.load Server initialization in [1087] milliseconds
01-Dec-2023 17:04:08.005 INFO [main] org.apache.catalina.core.StandardService.startInternal Starting service [Catalina]
01-Dec-2023 17:04:08.005 INFO [main] org.apache.catalina.core.StandardEngine.startInternal Starting Servlet engine: [Apache Tomcat/9.0.83]
01-Dec-2023 17:04:08.023 INFO [main] org.apache.catalina.startup.HostConfig.deployDescriptor Deploying deployment descriptor [C:\Users\RoshaNJR\IdeaProjects\roshanWebApp\conf\Catalina\localhost\roshanWebApp.xml]
01-Dec-2023 17:04:13.577 INFO [main] org.apache.jasper.servlet.TldScanner.scanJars At least one JAR was scanned for TLDs yet contained no TLDs. Enable debug logging for this logger for a complete list of JARs that were scanned but no TLDs were found in them. Skipping unneeded JARs during scanning can improve startup time and JSP compilation time.
01-Dec-2023 17:04:13.702 INFO [main] org.apache.catalina.startup.HostConfig.deployDescriptor Deployment of deployment descriptor [C:\Users\RoshaNJR\IdeaProjects\roshanWebApp\conf\Catalina\localhost\roshanWebApp.xml] has finished in [5,679] ms
01-Dec-2023 17:04:13.702 INFO [main] org.apache.coyote.AbstractProtocol.start Starting ProtocolHandler ["http-nio-8080"]
01-Dec-2023 17:04:13.749 INFO [main] org.apache.catalina.startup.Catalina.start Server startup in [5839] milliseconds
01-Dec-2023 17:04:20.697 INFO [http-nio-8080-exec-3] org.springframework.web.servlet.FrameworkServlet.initServletBean Initializing Servlet 'spring'
01-Dec-2023 17:04:25.245 INFO [http-nio-8080-exec-3] org.hibernate.Version.logVersion HHH000412: Hibernate Core {5.3.23.Final}
01-Dec-2023 17:04:25.252 INFO [http-nio-8080-exec-3] org.hibernate.cfg.Environment.<clinit> HHH000206: hibernate.properties not found
01-Dec-2023 17:04:26.623 INFO [http-nio-8080-exec-3] org.hibernate.annotations.common.reflection.java.JavaReflectionManager.<clinit> HCANN000001: Hibernate Commons Annotations {5.0.5.Final}
01-Dec-2023 17:04:27.969 INFO [http-nio-8080-exec-3] org.hibernate.dialect.Dialect.<init> HHH000400: Using dialect: org.hibernate.dialect.MySQL5Dialect
01-Dec-2023 17:04:31.951 INFO [http-nio-8080-exec-3] org.springframework.web.servlet.FrameworkServlet.initServletBean Completed initialization in 11254 ms
01-Dec-2023 17:05:02.979 WARN [http-nio-8080-exec-6] org.hibernate.internal.SessionImpl.createCriteria HHH90000022: Hibernate's legacy org.hibernate.Criteria API is deprecated; use the JPA javax.persistence.criteria.CriteriaQuery instead
01-Dec-2023 17:06:19.052 WARN [http-nio-8080-exec-9] org.hibernate.internal.SessionImpl.createCriteria HHH90000022: Hibernate's legacy org.hibernate.Criteria API is deprecated; use the JPA javax.persistence.criteria.CriteriaQuery instead
01-Dec-2023 17:10:06.705 INFO [main] org.apache.catalina.startup.VersionLoggerListener.log Server version name:   Apache Tomcat/9.0.83
01-Dec-2023 17:10:06.710 INFO [main] org.apache.catalina.startup.VersionLoggerListener.log Server built:          Nov 9 2023 20:57:42 UTC
01-Dec-2023 17:10:06.710 INFO [main] org.apache.catalina.startup.VersionLoggerListener.log Server version number: 9.0.83.0
01-Dec-2023 17:10:06.710 INFO [main] org.apache.catalina.startup.VersionLoggerListener.log OS Name:               Windows 11
01-Dec-2023 17:10:06.710 INFO [main] org.apache.catalina.startup.VersionLoggerListener.log OS Version:            10.0
01-Dec-2023 17:10:06.710 INFO [main] org.apache.catalina.startup.VersionLoggerListener.log Architecture:          amd64
01-Dec-2023 17:10:06.710 INFO [main] org.apache.catalina.startup.VersionLoggerListener.log Java Home:             C:\Program Files\Java\jdk-21
01-Dec-2023 17:10:06.710 INFO [main] org.apache.catalina.startup.VersionLoggerListener.log JVM Version:           21+35-LTS-2513
01-Dec-2023 17:10:06.710 INFO [main] org.apache.catalina.startup.VersionLoggerListener.log JVM Vendor:            Oracle Corporation
01-Dec-2023 17:10:06.710 INFO [main] org.apache.catalina.startup.VersionLoggerListener.log CATALINA_BASE:         C:\Users\RoshaNJR\IdeaProjects\roshanWebApp
01-Dec-2023 17:10:06.710 INFO [main] org.apache.catalina.startup.VersionLoggerListener.log CATALINA_HOME:         C:\Users\RoshaNJR\Desktop\apache-tomcat-9.0.83-windows-x64\apache-tomcat-9.0.83
01-Dec-2023 17:10:06.710 INFO [main] org.apache.catalina.startup.VersionLoggerListener.log Command line argument: --add-opens=java.base/java.lang=ALL-UNNAMED
01-Dec-2023 17:10:06.710 INFO [main] org.apache.catalina.startup.VersionLoggerListener.log Command line argument: --add-opens=java.base/java.io=ALL-UNNAMED
01-Dec-2023 17:10:06.710 INFO [main] org.apache.catalina.startup.VersionLoggerListener.log Command line argument: --add-opens=java.base/java.util=ALL-UNNAMED
01-Dec-2023 17:10:06.710 INFO [main] org.apache.catalina.startup.VersionLoggerListener.log Command line argument: --add-opens=java.base/java.util.concurrent=ALL-UNNAMED
01-Dec-2023 17:10:06.710 INFO [main] org.apache.catalina.startup.VersionLoggerListener.log Command line argument: --add-opens=java.rmi/sun.rmi.transport=ALL-UNNAMED
01-Dec-2023 17:10:06.710 INFO [main] org.apache.catalina.startup.VersionLoggerListener.log Command line argument: -Dcatalina.home=C:\Users\RoshaNJR\Desktop\apache-tomcat-9.0.83-windows-x64\apache-tomcat-9.0.83
01-Dec-2023 17:10:06.710 INFO [main] org.apache.catalina.startup.VersionLoggerListener.log Command line argument: -Dcatalina.base=C:\Users\RoshaNJR\IdeaProjects\roshanWebApp
01-Dec-2023 17:10:06.710 INFO [main] org.apache.catalina.startup.VersionLoggerListener.log Command line argument: -Djava.io.tmpdir=C:\Users\RoshaNJR\IdeaProjects\roshanWebApp\temp
01-Dec-2023 17:10:06.710 INFO [main] org.apache.catalina.startup.VersionLoggerListener.log Command line argument: -Djava.util.logging.config.file=C:\Users\RoshaNJR\IdeaProjects\roshanWebApp\conf\logging.properties
01-Dec-2023 17:10:06.725 INFO [main] org.apache.catalina.startup.VersionLoggerListener.log Command line argument: -Djava.util.logging.manager=org.apache.juli.ClassLoaderLogManager
01-Dec-2023 17:10:06.725 INFO [main] org.apache.catalina.startup.VersionLoggerListener.log Command line argument: -Didea.launcher.port=60414
01-Dec-2023 17:10:06.725 INFO [main] org.apache.catalina.startup.VersionLoggerListener.log Command line argument: -Didea.launcher.bin.path=C:\Users\RoshaNJR\Downloads\ideaIU-2019.3.1.win\bin
01-Dec-2023 17:10:06.725 INFO [main] org.apache.catalina.startup.VersionLoggerListener.log Command line argument: -Dfile.encoding=UTF-8
01-Dec-2023 17:10:06.725 INFO [main] org.apache.catalina.core.AprLifecycleListener.lifecycleEvent Loaded Apache Tomcat Native library [1.2.39] using APR version [1.7.4].
01-Dec-2023 17:10:06.725 INFO [main] org.apache.catalina.core.AprLifecycleListener.lifecycleEvent APR capabilities: IPv6 [true], sendfile [true], accept filters [false], random [true], UDS [true].
01-Dec-2023 17:10:06.725 INFO [main] org.apache.catalina.core.AprLifecycleListener.lifecycleEvent APR/OpenSSL configuration: useAprConnector [false], useOpenSSL [true]
01-Dec-2023 17:10:06.741 INFO [main] org.apache.catalina.core.AprLifecycleListener.initializeSSL OpenSSL successfully initialized [OpenSSL 3.0.11 19 Sep 2023]
01-Dec-2023 17:10:07.338 INFO [main] org.apache.coyote.AbstractProtocol.init Initializing ProtocolHandler ["http-nio-8080"]
01-Dec-2023 17:10:07.369 INFO [main] org.apache.catalina.startup.Catalina.load Server initialization in [984] milliseconds
01-Dec-2023 17:10:07.448 INFO [main] org.apache.catalina.core.StandardService.startInternal Starting service [Catalina]
01-Dec-2023 17:10:07.448 INFO [main] org.apache.catalina.core.StandardEngine.startInternal Starting Servlet engine: [Apache Tomcat/9.0.83]
01-Dec-2023 17:10:07.464 INFO [main] org.apache.catalina.startup.HostConfig.deployDescriptor Deploying deployment descriptor [C:\Users\RoshaNJR\IdeaProjects\roshanWebApp\conf\Catalina\localhost\roshanWebApp.xml]
01-Dec-2023 17:10:12.557 INFO [main] org.apache.jasper.servlet.TldScanner.scanJars At least one JAR was scanned for TLDs yet contained no TLDs. Enable debug logging for this logger for a complete list of JARs that were scanned but no TLDs were found in them. Skipping unneeded JARs during scanning can improve startup time and JSP compilation time.
01-Dec-2023 17:10:12.698 INFO [main] org.apache.catalina.startup.HostConfig.deployDescriptor Deployment of deployment descriptor [C:\Users\RoshaNJR\IdeaProjects\roshanWebApp\conf\Catalina\localhost\roshanWebApp.xml] has finished in [5,234] ms
01-Dec-2023 17:10:12.715 INFO [main] org.apache.coyote.AbstractProtocol.start Starting ProtocolHandler ["http-nio-8080"]
01-Dec-2023 17:10:12.747 INFO [main] org.apache.catalina.startup.Catalina.start Server startup in [5379] milliseconds
01-Dec-2023 17:10:23.010 INFO [http-nio-8080-exec-5] org.springframework.web.servlet.FrameworkServlet.initServletBean Initializing Servlet 'spring'
01-Dec-2023 17:10:27.355 INFO [http-nio-8080-exec-5] org.hibernate.Version.logVersion HHH000412: Hibernate Core {5.3.23.Final}
01-Dec-2023 17:10:27.363 INFO [http-nio-8080-exec-5] org.hibernate.cfg.Environment.<clinit> HHH000206: hibernate.properties not found
01-Dec-2023 17:10:28.335 INFO [http-nio-8080-exec-5] org.hibernate.annotations.common.reflection.java.JavaReflectionManager.<clinit> HCANN000001: Hibernate Commons Annotations {5.0.5.Final}
01-Dec-2023 17:10:30.658 INFO [http-nio-8080-exec-5] org.hibernate.dialect.Dialect.<init> HHH000400: Using dialect: org.hibernate.dialect.MySQL5Dialect
01-Dec-2023 17:10:35.324 INFO [http-nio-8080-exec-5] org.springframework.web.servlet.FrameworkServlet.initServletBean Completed initialization in 12314 ms
01-Dec-2023 17:10:35.782 WARNING [http-nio-8080-exec-7] org.springframework.web.servlet.DispatcherServlet.noHandlerFound No mapping for GET /roshanWebApp/images/nextStep.jpg
01-Dec-2023 17:11:29.437 INFO [main] org.apache.catalina.startup.VersionLoggerListener.log Server version name:   Apache Tomcat/9.0.83
01-Dec-2023 17:11:29.449 INFO [main] org.apache.catalina.startup.VersionLoggerListener.log Server built:          Nov 9 2023 20:57:42 UTC
01-Dec-2023 17:11:29.449 INFO [main] org.apache.catalina.startup.VersionLoggerListener.log Server version number: 9.0.83.0
01-Dec-2023 17:11:29.449 INFO [main] org.apache.catalina.startup.VersionLoggerListener.log OS Name:               Windows 11
01-Dec-2023 17:11:29.449 INFO [main] org.apache.catalina.startup.VersionLoggerListener.log OS Version:            10.0
01-Dec-2023 17:11:29.449 INFO [main] org.apache.catalina.startup.VersionLoggerListener.log Architecture:          amd64
01-Dec-2023 17:11:29.449 INFO [main] org.apache.catalina.startup.VersionLoggerListener.log Java Home:             C:\Program Files\Java\jdk-21
01-Dec-2023 17:11:29.449 INFO [main] org.apache.catalina.startup.VersionLoggerListener.log JVM Version:           21+35-LTS-2513
01-Dec-2023 17:11:29.449 INFO [main] org.apache.catalina.startup.VersionLoggerListener.log JVM Vendor:            Oracle Corporation
01-Dec-2023 17:11:29.449 INFO [main] org.apache.catalina.startup.VersionLoggerListener.log CATALINA_BASE:         C:\Users\RoshaNJR\IdeaProjects\roshanWebApp
01-Dec-2023 17:11:29.449 INFO [main] org.apache.catalina.startup.VersionLoggerListener.log CATALINA_HOME:         C:\Users\RoshaNJR\Desktop\apache-tomcat-9.0.83-windows-x64\apache-tomcat-9.0.83
01-Dec-2023 17:11:29.465 INFO [main] org.apache.catalina.startup.VersionLoggerListener.log Command line argument: --add-opens=java.base/java.lang=ALL-UNNAMED
01-Dec-2023 17:11:29.465 INFO [main] org.apache.catalina.startup.VersionLoggerListener.log Command line argument: --add-opens=java.base/java.io=ALL-UNNAMED
01-Dec-2023 17:11:29.465 INFO [main] org.apache.catalina.startup.VersionLoggerListener.log Command line argument: --add-opens=java.base/java.util=ALL-UNNAMED
01-Dec-2023 17:11:29.465 INFO [main] org.apache.catalina.startup.VersionLoggerListener.log Command line argument: --add-opens=java.base/java.util.concurrent=ALL-UNNAMED
01-Dec-2023 17:11:29.465 INFO [main] org.apache.catalina.startup.VersionLoggerListener.log Command line argument: --add-opens=java.rmi/sun.rmi.transport=ALL-UNNAMED
01-Dec-2023 17:11:29.465 INFO [main] org.apache.catalina.startup.VersionLoggerListener.log Command line argument: -Dcatalina.home=C:\Users\RoshaNJR\Desktop\apache-tomcat-9.0.83-windows-x64\apache-tomcat-9.0.83
01-Dec-2023 17:11:29.465 INFO [main] org.apache.catalina.startup.VersionLoggerListener.log Command line argument: -Dcatalina.base=C:\Users\RoshaNJR\IdeaProjects\roshanWebApp
01-Dec-2023 17:11:29.465 INFO [main] org.apache.catalina.startup.VersionLoggerListener.log Command line argument: -Djava.io.tmpdir=C:\Users\RoshaNJR\IdeaProjects\roshanWebApp\temp
01-Dec-2023 17:11:29.465 INFO [main] org.apache.catalina.startup.VersionLoggerListener.log Command line argument: -Djava.util.logging.config.file=C:\Users\RoshaNJR\IdeaProjects\roshanWebApp\conf\logging.properties
01-Dec-2023 17:11:29.465 INFO [main] org.apache.catalina.startup.VersionLoggerListener.log Command line argument: -Djava.util.logging.manager=org.apache.juli.ClassLoaderLogManager
01-Dec-2023 17:11:29.465 INFO [main] org.apache.catalina.startup.VersionLoggerListener.log Command line argument: -Didea.launcher.port=64845
01-Dec-2023 17:11:29.465 INFO [main] org.apache.catalina.startup.VersionLoggerListener.log Command line argument: -Didea.launcher.bin.path=C:\Users\RoshaNJR\Downloads\ideaIU-2019.3.1.win\bin
01-Dec-2023 17:11:29.465 INFO [main] org.apache.catalina.startup.VersionLoggerListener.log Command line argument: -Dfile.encoding=UTF-8
01-Dec-2023 17:11:29.475 INFO [main] org.apache.catalina.core.AprLifecycleListener.lifecycleEvent Loaded Apache Tomcat Native library [1.2.39] using APR version [1.7.4].
01-Dec-2023 17:11:29.480 INFO [main] org.apache.catalina.core.AprLifecycleListener.lifecycleEvent APR capabilities: IPv6 [true], sendfile [true], accept filters [false], random [true], UDS [true].
01-Dec-2023 17:11:29.480 INFO [main] org.apache.catalina.core.AprLifecycleListener.lifecycleEvent APR/OpenSSL configuration: useAprConnector [false], useOpenSSL [true]
01-Dec-2023 17:11:29.480 INFO [main] org.apache.catalina.core.AprLifecycleListener.initializeSSL OpenSSL successfully initialized [OpenSSL 3.0.11 19 Sep 2023]
01-Dec-2023 17:11:30.077 INFO [main] org.apache.coyote.AbstractProtocol.init Initializing ProtocolHandler ["http-nio-8080"]
01-Dec-2023 17:11:30.108 INFO [main] org.apache.catalina.startup.Catalina.load Server initialization in [980] milliseconds
01-Dec-2023 17:11:30.202 INFO [main] org.apache.catalina.core.StandardService.startInternal Starting service [Catalina]
01-Dec-2023 17:11:30.202 INFO [main] org.apache.catalina.core.StandardEngine.startInternal Starting Servlet engine: [Apache Tomcat/9.0.83]
01-Dec-2023 17:11:30.218 INFO [main] org.apache.catalina.startup.HostConfig.deployDescriptor Deploying deployment descriptor [C:\Users\RoshaNJR\IdeaProjects\roshanWebApp\conf\Catalina\localhost\roshanWebApp.xml]
01-Dec-2023 17:11:36.276 INFO [main] org.apache.jasper.servlet.TldScanner.scanJars At least one JAR was scanned for TLDs yet contained no TLDs. Enable debug logging for this logger for a complete list of JARs that were scanned but no TLDs were found in them. Skipping unneeded JARs during scanning can improve startup time and JSP compilation time.
01-Dec-2023 17:11:36.391 INFO [main] org.apache.catalina.startup.HostConfig.deployDescriptor Deployment of deployment descriptor [C:\Users\RoshaNJR\IdeaProjects\roshanWebApp\conf\Catalina\localhost\roshanWebApp.xml] has finished in [6,173] ms
01-Dec-2023 17:11:36.404 INFO [main] org.apache.coyote.AbstractProtocol.start Starting ProtocolHandler ["http-nio-8080"]
01-Dec-2023 17:11:36.435 INFO [main] org.apache.catalina.startup.Catalina.start Server startup in [6329] milliseconds
01-Dec-2023 17:11:45.487 INFO [http-nio-8080-exec-5] org.springframework.web.servlet.FrameworkServlet.initServletBean Initializing Servlet 'spring'
01-Dec-2023 17:11:50.127 INFO [http-nio-8080-exec-5] org.hibernate.Version.logVersion HHH000412: Hibernate Core {5.3.23.Final}
01-Dec-2023 17:11:50.135 INFO [http-nio-8080-exec-5] org.hibernate.cfg.Environment.<clinit> HHH000206: hibernate.properties not found
01-Dec-2023 17:11:51.168 INFO [http-nio-8080-exec-5] org.hibernate.annotations.common.reflection.java.JavaReflectionManager.<clinit> HCANN000001: Hibernate Commons Annotations {5.0.5.Final}
01-Dec-2023 17:11:52.563 INFO [http-nio-8080-exec-5] org.hibernate.dialect.Dialect.<init> HHH000400: Using dialect: org.hibernate.dialect.MySQL5Dialect
01-Dec-2023 17:11:56.685 INFO [http-nio-8080-exec-5] org.springframework.web.servlet.FrameworkServlet.initServletBean Completed initialization in 11198 ms
01-Dec-2023 17:11:57.187 WARNING [http-nio-8080-exec-7] org.springframework.web.servlet.DispatcherServlet.noHandlerFound No mapping for GET /roshanWebApp/images/nextStep.jpg
01-Dec-2023 17:12:26.659 INFO [main] org.apache.catalina.startup.VersionLoggerListener.log Server version name:   Apache Tomcat/9.0.83
01-Dec-2023 17:12:26.672 INFO [main] org.apache.catalina.startup.VersionLoggerListener.log Server built:          Nov 9 2023 20:57:42 UTC
01-Dec-2023 17:12:26.672 INFO [main] org.apache.catalina.startup.VersionLoggerListener.log Server version number: 9.0.83.0
01-Dec-2023 17:12:26.672 INFO [main] org.apache.catalina.startup.VersionLoggerListener.log OS Name:               Windows 11
01-Dec-2023 17:12:26.672 INFO [main] org.apache.catalina.startup.VersionLoggerListener.log OS Version:            10.0
01-Dec-2023 17:12:26.672 INFO [main] org.apache.catalina.startup.VersionLoggerListener.log Architecture:          amd64
01-Dec-2023 17:12:26.672 INFO [main] org.apache.catalina.startup.VersionLoggerListener.log Java Home:             C:\Program Files\Java\jdk-21
01-Dec-2023 17:12:26.672 INFO [main] org.apache.catalina.startup.VersionLoggerListener.log JVM Version:           21+35-LTS-2513
01-Dec-2023 17:12:26.672 INFO [main] org.apache.catalina.startup.VersionLoggerListener.log JVM Vendor:            Oracle Corporation
01-Dec-2023 17:12:26.672 INFO [main] org.apache.catalina.startup.VersionLoggerListener.log CATALINA_BASE:         C:\Users\RoshaNJR\IdeaProjects\roshanWebApp
01-Dec-2023 17:12:26.672 INFO [main] org.apache.catalina.startup.VersionLoggerListener.log CATALINA_HOME:         C:\Users\RoshaNJR\Desktop\apache-tomcat-9.0.83-windows-x64\apache-tomcat-9.0.83
01-Dec-2023 17:12:26.687 INFO [main] org.apache.catalina.startup.VersionLoggerListener.log Command line argument: --add-opens=java.base/java.lang=ALL-UNNAMED
01-Dec-2023 17:12:26.687 INFO [main] org.apache.catalina.startup.VersionLoggerListener.log Command line argument: --add-opens=java.base/java.io=ALL-UNNAMED
01-Dec-2023 17:12:26.687 INFO [main] org.apache.catalina.startup.VersionLoggerListener.log Command line argument: --add-opens=java.base/java.util=ALL-UNNAMED
01-Dec-2023 17:12:26.687 INFO [main] org.apache.catalina.startup.VersionLoggerListener.log Command line argument: --add-opens=java.base/java.util.concurrent=ALL-UNNAMED
01-Dec-2023 17:12:26.687 INFO [main] org.apache.catalina.startup.VersionLoggerListener.log Command line argument: --add-opens=java.rmi/sun.rmi.transport=ALL-UNNAMED
01-Dec-2023 17:12:26.687 INFO [main] org.apache.catalina.startup.VersionLoggerListener.log Command line argument: -Dcatalina.home=C:\Users\RoshaNJR\Desktop\apache-tomcat-9.0.83-windows-x64\apache-tomcat-9.0.83
01-Dec-2023 17:12:26.687 INFO [main] org.apache.catalina.startup.VersionLoggerListener.log Command line argument: -Dcatalina.base=C:\Users\RoshaNJR\IdeaProjects\roshanWebApp
01-Dec-2023 17:12:26.687 INFO [main] org.apache.catalina.startup.VersionLoggerListener.log Command line argument: -Djava.io.tmpdir=C:\Users\RoshaNJR\IdeaProjects\roshanWebApp\temp
01-Dec-2023 17:12:26.687 INFO [main] org.apache.catalina.startup.VersionLoggerListener.log Command line argument: -Djava.util.logging.config.file=C:\Users\RoshaNJR\IdeaProjects\roshanWebApp\conf\logging.properties
01-Dec-2023 17:12:26.687 INFO [main] org.apache.catalina.startup.VersionLoggerListener.log Command line argument: -Djava.util.logging.manager=org.apache.juli.ClassLoaderLogManager
01-Dec-2023 17:12:26.687 INFO [main] org.apache.catalina.startup.VersionLoggerListener.log Command line argument: -Didea.launcher.port=64876
01-Dec-2023 17:12:26.687 INFO [main] org.apache.catalina.startup.VersionLoggerListener.log Command line argument: -Didea.launcher.bin.path=C:\Users\RoshaNJR\Downloads\ideaIU-2019.3.1.win\bin
01-Dec-2023 17:12:26.687 INFO [main] org.apache.catalina.startup.VersionLoggerListener.log Command line argument: -Dfile.encoding=UTF-8
01-Dec-2023 17:12:26.687 INFO [main] org.apache.catalina.core.AprLifecycleListener.lifecycleEvent Loaded Apache Tomcat Native library [1.2.39] using APR version [1.7.4].
01-Dec-2023 17:12:26.687 INFO [main] org.apache.catalina.core.AprLifecycleListener.lifecycleEvent APR capabilities: IPv6 [true], sendfile [true], accept filters [false], random [true], UDS [true].
01-Dec-2023 17:12:26.687 INFO [main] org.apache.catalina.core.AprLifecycleListener.lifecycleEvent APR/OpenSSL configuration: useAprConnector [false], useOpenSSL [true]
01-Dec-2023 17:12:26.703 INFO [main] org.apache.catalina.core.AprLifecycleListener.initializeSSL OpenSSL successfully initialized [OpenSSL 3.0.11 19 Sep 2023]
01-Dec-2023 17:12:27.262 INFO [main] org.apache.coyote.AbstractProtocol.init Initializing ProtocolHandler ["http-nio-8080"]
01-Dec-2023 17:12:27.300 INFO [main] org.apache.catalina.startup.Catalina.load Server initialization in [974] milliseconds
01-Dec-2023 17:12:27.426 INFO [main] org.apache.catalina.core.StandardService.startInternal Starting service [Catalina]
01-Dec-2023 17:12:27.426 INFO [main] org.apache.catalina.core.StandardEngine.startInternal Starting Servlet engine: [Apache Tomcat/9.0.83]
01-Dec-2023 17:12:27.442 INFO [main] org.apache.catalina.startup.HostConfig.deployDescriptor Deploying deployment descriptor [C:\Users\RoshaNJR\IdeaProjects\roshanWebApp\conf\Catalina\localhost\roshanWebApp.xml]
01-Dec-2023 17:12:34.106 INFO [main] org.apache.jasper.servlet.TldScanner.scanJars At least one JAR was scanned for TLDs yet contained no TLDs. Enable debug logging for this logger for a complete list of JARs that were scanned but no TLDs were found in them. Skipping unneeded JARs during scanning can improve startup time and JSP compilation time.
01-Dec-2023 17:12:34.263 INFO [main] org.apache.catalina.startup.HostConfig.deployDescriptor Deployment of deployment descriptor [C:\Users\RoshaNJR\IdeaProjects\roshanWebApp\conf\Catalina\localhost\roshanWebApp.xml] has finished in [6,805] ms
01-Dec-2023 17:12:34.263 INFO [main] org.apache.coyote.AbstractProtocol.start Starting ProtocolHandler ["http-nio-8080"]
01-Dec-2023 17:12:34.325 INFO [main] org.apache.catalina.startup.Catalina.start Server startup in [7010] milliseconds
01-Dec-2023 17:12:49.394 INFO [http-nio-8080-exec-5] org.springframework.web.servlet.FrameworkServlet.initServletBean Initializing Servlet 'spring'
01-Dec-2023 17:12:54.645 INFO [http-nio-8080-exec-5] org.hibernate.Version.logVersion HHH000412: Hibernate Core {5.3.23.Final}
01-Dec-2023 17:12:54.661 INFO [http-nio-8080-exec-5] org.hibernate.cfg.Environment.<clinit> HHH000206: hibernate.properties not found
01-Dec-2023 17:12:56.115 INFO [http-nio-8080-exec-5] org.hibernate.annotations.common.reflection.java.JavaReflectionManager.<clinit> HCANN000001: Hibernate Commons Annotations {5.0.5.Final}
01-Dec-2023 17:12:57.722 INFO [http-nio-8080-exec-5] org.hibernate.dialect.Dialect.<init> HHH000400: Using dialect: org.hibernate.dialect.MySQL5Dialect
01-Dec-2023 17:13:01.640 INFO [http-nio-8080-exec-5] org.springframework.web.servlet.FrameworkServlet.initServletBean Completed initialization in 12246 ms
01-Dec-2023 17:13:02.105 WARNING [http-nio-8080-exec-7] org.springframework.web.servlet.DispatcherServlet.noHandlerFound No mapping for GET /roshanWebApp/images/nextStep.jpg
01-Dec-2023 17:13:13.533 WARN [http-nio-8080-exec-10] org.hibernate.internal.SessionImpl.createCriteria HHH90000022: Hibernate's legacy org.hibernate.Criteria API is deprecated; use the JPA javax.persistence.criteria.CriteriaQuery instead
01-Dec-2023 17:13:21.863 WARN [http-nio-8080-exec-4] org.hibernate.internal.SessionImpl.createCriteria HHH90000022: Hibernate's legacy org.hibernate.Criteria API is deprecated; use the JPA javax.persistence.criteria.CriteriaQuery instead
01-Dec-2023 17:15:03.120 WARNING [http-nio-8080-exec-1] org.springframework.web.servlet.DispatcherServlet.noHandlerFound No mapping for GET /roshanWebApp/images/nextStep.jpg
01-Dec-2023 17:15:11.949 WARN [http-nio-8080-exec-4] org.hibernate.internal.SessionImpl.createCriteria HHH90000022: Hibernate's legacy org.hibernate.Criteria API is deprecated; use the JPA javax.persistence.criteria.CriteriaQuery instead
01-Dec-2023 17:15:37.737 WARN [http-nio-8080-exec-5] org.hibernate.internal.SessionImpl.createCriteria HHH90000022: Hibernate's legacy org.hibernate.Criteria API is deprecated; use the JPA javax.persistence.criteria.CriteriaQuery instead
